UPLOAD_FOLDER, IMG_UPLOAD_FOLDER, IMG_UPLOAD_URL not found. Using default
|> sqlalchemy.sql.selectable.FromClause
|-> sqlalchemy.sql.selectable.TableClause
|--> sqlalchemy.sql.schema.Table
|> werkzeug.datastructures.FileStorage
|> sqlalchemy.sql.visitors.Visitable
|-> sqlalchemy.sql.type_api.TypeEngine
|--> sqlalchemy.sql.sqltypes.DateTime
|--> sqlalchemy.sql.sqltypes.String
|--> sqlalchemy.sql.sqltypes.Boolean
|--> sqlalchemy.sql.type_api.TypeDecorator
|---> flask_appbuilder.models.mixins.FileColumn
|---> flask_appbuilder.models.mixins.ImageColumn
|--> sqlalchemy.sql.sqltypes.Integer
|-> sqlalchemy.sql.elements.ClauseElement
|--> sqlalchemy.sql.elements.ColumnElement
|---> sqlalchemy.sql.elements.ColumnClause
|----> sqlalchemy.sql.schema.Column
|--> sqlalchemy.sql.selectable.Selectable
|---> sqlalchemy.sql.selectable.FromClause
|-> sqlalchemy.sql.schema.SchemaItem
|--> sqlalchemy.sql.schema.MetaData
|--> sqlalchemy.sql.schema.Column
|--> sqlalchemy.sql.schema.ForeignKey
|--> sqlalchemy.sql.schema.Table
|> flask_appbuilder.models.mixins.BaseMixin
|-> flask_appbuilder.models.mixins.AuditMixin
|> flask_appbuilder.models.filters.FilterRelationOneToManyEqual
|> flask_appbuilder.forms.DynamicForm
|-> flask_appbuilder.security.forms.LoginForm_oid
|-> flask_appbuilder.security.forms.ResetPasswordForm
|-> flask_appbuilder.security.forms.LoginForm_db
|> sqlalchemy.exc.IntegrityError
|> sqlalchemy.ext.declarative.api.Base
|-> flask_appbuilder.security.models.PermissionView
|-> flask_appbuilder.security.models.ViewMenu
|-> flask_appbuilder.security.models.User
|-> flask_appbuilder.security.models.Role
|-> flask_appbuilder.security.models.Permission
|> flask_appbuilder.filemanager.ImageManager
|> flask.helpers._PackageBoundObject
|-> flask.blueprints.Blueprint
|> __builtin__.object
|-> flask_appbuilder.forms.GeneralModelConverter
|-> __builtin__.basestring
|--> __builtin__.unicode
|---> wtforms.widgets.core.HTMLString
|-> openid.extension.Extension
|--> openid.extensions.sreg.SRegResponse
|--> openid.extensions.sreg.SRegRequest
|-> flask_appbuilder.menu.MenuItem
|-> werkzeug.datastructures.FileStorage
|-> flask_appbuilder.widgets.RenderTemplateWidget
|--> flask_appbuilder.widgets.ListWidget
|---> flask_appbuilder.widgets.ListCarousel
|---> flask_appbuilder.widgets.ListBlock
|---> flask_appbuilder.widgets.ListThumbnail
|---> flask_appbuilder.widgets.ListItem
|--> flask_appbuilder.widgets.ShowWidget
|--> flask_appbuilder.widgets.FormWidget
|---> flask_appbuilder.widgets.SearchWidget
|--> flask_appbuilder.charts.widgets.ChartWidget
|-> flask_appbuilder.babel.manager.BabelManager
|-> flask_appbuilder.models.mixins.BaseMixin
|-> sqlalchemy.orm.base._MappedAttribute
|--> sqlalchemy.ext.declarative.api.declared_attr
|-> flask_appbuilder.actions.ActionItem
|-> flask_appbuilder.validators.Unique
|-> sqlalchemy.ext.declarative.api.Base
|-> flask_appbuilder.views.BaseView
|--> flask_appbuilder.babel.views.LocaleView
|--> flask_appbuilder.security.views.AuthView
|---> flask_appbuilder.security.views.AuthDBView
|---> flask_appbuilder.security.views.AuthOIDView
|--> flask_appbuilder.views.IndexView
|--> flask_appbuilder.views.SimpleFormView
|---> flask_appbuilder.security.views.ResetPasswordView
|---> flask_appbuilder.security.views.ResetMyPasswordView
|--> flask_appbuilder.views.BaseModelView
|---> flask_appbuilder.views.BaseCRUDView
|----> flask_appbuilder.views.GeneralView
|-----> flask_appbuilder.security.views.RoleGeneralView
|-----> flask_appbuilder.security.views.PermissionGeneralView
|-----> flask_appbuilder.security.views.ViewMenuGeneralView
|-----> flask_appbuilder.security.views.PermissionViewGeneralView
|-----> flask_appbuilder.security.views.UserGeneralView
|------> flask_appbuilder.security.views.UserOIDGeneralView
|------> flask_appbuilder.security.views.UserDBGeneralView
|-> flask_appbuilder.forms.DatePickerWidget
|-> flask.helpers._PackageBoundObject
|-> sqlalchemy.sql.base.Immutable
|--> sqlalchemy.sql.selectable.TableClause
|---> sqlalchemy.sql.schema.Table
|--> sqlalchemy.sql.elements.ColumnClause
|---> sqlalchemy.sql.schema.Column
|-> itertools.groupby
|-> sqlalchemy.sql.base.SchemaEventTarget
|--> sqlalchemy.sql.sqltypes.SchemaType
|---> sqlalchemy.sql.sqltypes.Boolean
|--> sqlalchemy.sql.schema.SchemaItem
|---> sqlalchemy.sql.schema.MetaData
|---> sqlalchemy.sql.schema.Column
|---> sqlalchemy.sql.schema.ForeignKey
|---> sqlalchemy.sql.schema.Table
|-> sqlalchemy.sql.operators.Operators
|--> sqlalchemy.sql.operators.ColumnOperators
|---> sqlalchemy.sql.elements.ColumnElement
|----> sqlalchemy.sql.elements.ColumnClause
|-----> sqlalchemy.sql.schema.Column
|-> wtforms.validators.EqualTo
|-> flask_openid.OpenIDResponse
|-> flask_appbuilder.baseapp.BaseApp
|-> wtforms.form.BaseForm
|--> wtforms.compat.NewBase
|---> wtforms.form.Form
|----> flask_appbuilder.forms.DynamicForm
|----> wtforms.ext.csrf.form.SecureForm
|-----> wtforms.ext.csrf.session.SessionSecureForm
|------> flask_wtf.form.Form
|-> wtforms.widgets.core.Input
|--> wtforms.widgets.core.PasswordInput
|---> flask_appbuilder.forms.BS3PasswordFieldWidget
|--> wtforms.widgets.core.TextInput
|---> flask_appbuilder.forms.BS3TextFieldWidget
|-> flask_appbuilder.models.filters.Filters
|-> sqlalchemy.sql.sqltypes._DateAffinity
|--> sqlalchemy.sql.sqltypes.DateTime
|--> sqlalchemy.sql.sqltypes.Integer
|-> flask_openid.OpenID
|-> flask_appbuilder.filters.TemplateFilters
|-> flask_appbuilder.security.manager.SecurityManager
|-> wtforms.validators.DataRequired
|--> wtforms.validators.Required
|-> flask_appbuilder.upload.BS3FileUploadFieldWidget
|-> sqlalchemy.engine.reflection.Inspector
|-> wtforms.widgets.core.Select
|-> wtforms.fields.core.Field
|--> wtforms.fields.core.DateTimeField
|--> wtforms.fields.core.SelectFieldBase
|--> wtforms.fields.core.StringField
|---> wtforms.fields.simple.TextField
|----> wtforms.fields.simple.TextAreaField
|----> flask_appbuilder.upload.ImageUploadField
|----> wtforms.fields.simple.PasswordField
|----> flask_appbuilder.upload.FileUploadField
|--> wtforms.fields.core.BooleanField
|--> wtforms.fields.core.IntegerField
|-> flask_appbuilder.menu.Menu
|-> flask_appbuilder.upload.BS3ImageUploadFieldWidget
|-> openid.consumer.consumer.Consumer
|-> flask_openid.SessionWrapper
|-> wtforms.validators.Length
|-> exceptions.BaseException
|--> exceptions.Exception
|---> exceptions.StandardError
|----> exceptions.ValueError
|-----> wtforms.validators.ValidationError
|---> sqlalchemy.exc.SQLAlchemyError
|----> sqlalchemy.exc.InvalidRequestError
|-----> sqlalchemy.orm.exc.NoResultFound
|-> flask_appbuilder.forms.DateTimePickerWidget
|-> __builtin__.property
|--> sqlalchemy.ext.declarative.api.declared_attr
|-> sqlalchemy.sql.sqltypes.Concatenable
|--> sqlalchemy.sql.sqltypes.String
|-> flask_appbuilder.models.filters.BaseFilter
|--> flask_appbuilder.models.filters.FilterSmaller
|--> flask_appbuilder.models.filters.FilterNotStartsWith
|--> flask_appbuilder.models.filters.FilterRelation
|---> flask_appbuilder.models.filters.FilterRelationOneToManyEqual
|---> flask_appbuilder.models.filters.FilterRelationManyToManyEqual
|---> flask_appbuilder.models.filters.FilterRelationOneToManyNotEqual
|--> flask_appbuilder.models.filters.FilterNotContains
|--> flask_appbuilder.models.filters.FilterContains
|--> flask_appbuilder.models.filters.FilterEndsWith
|--> flask_appbuilder.models.filters.FilterStartsWith
|--> flask_appbuilder.models.filters.FilterNotEndsWith
|--> flask_appbuilder.models.filters.FilterEqualFunction
|--> flask_appbuilder.models.filters.FilterNotEqual
|--> flask_appbuilder.models.filters.FilterEqual
|--> flask_appbuilder.models.filters.FilterGreater
|-> flask_login.LoginManager
|-> flask_babelpkg.Babel
|-> sqlalchemy.sql.visitors.Visitable
|--> sqlalchemy.sql.type_api.TypeEngine
|---> sqlalchemy.sql.sqltypes.DateTime
|---> sqlalchemy.sql.sqltypes.String
|---> sqlalchemy.sql.sqltypes.Boolean
|---> sqlalchemy.sql.type_api.TypeDecorator
|----> flask_appbuilder.models.mixins.FileColumn
|----> flask_appbuilder.models.mixins.ImageColumn
|---> sqlalchemy.sql.sqltypes.Integer
|-> flask_appbuilder.filemanager.FileManager
|--> flask_appbuilder.filemanager.ImageManager
|-> wtforms.widgets.core.TextArea
|--> flask_appbuilder.forms.BS3TextAreaFieldWidget
|> flask_appbuilder.charts.views.TimeChartView
|> flask_appbuilder.baseapp.BaseApp
|> exceptions.ValueError
|-> wtforms.validators.ValidationError
|> flask_appbuilder.models.mixins.AuditMixin
|> flask_appbuilder.upload.ImageUploadField
|> flask_appbuilder.security.forms.LoginForm_oid
|> flask_appbuilder.widgets.SearchWidget
|> flask_appbuilder.filters.TemplateFilters
|> sqlalchemy.sql.schema.Column
|> wtforms.widgets.core.TextInput
|-> flask_appbuilder.forms.BS3TextFieldWidget
|> flask_appbuilder.upload.FileUploadField
|> flask_appbuilder.upload.BS3FileUploadFieldWidget
|> sqlalchemy.sql.sqltypes.String
|> wtforms.widgets.core.Select
|-> flask_appbuilder.forms.Select2Widget
|-> flask_appbuilder.forms.Select2ManyWidget
|> sqlalchemy.sql.elements.ClauseElement
|-> sqlalchemy.sql.elements.ColumnElement
|--> sqlalchemy.sql.elements.ColumnClause
|---> sqlalchemy.sql.schema.Column
|-> sqlalchemy.sql.selectable.Selectable
|--> sqlalchemy.sql.selectable.FromClause
|> wtforms.fields.core.SelectFieldBase
|-> wtforms.fields.core.SelectField
|-> wtforms.ext.sqlalchemy.fields.QuerySelectField
|--> wtforms.ext.sqlalchemy.fields.QuerySelectMultipleField
|> sqlalchemy.sql.schema.Table
|> flask_appbuilder.models.filters.FilterSmaller
|> flask_appbuilder.forms.Select2ManyWidget
|> flask_appbuilder.security.models.ViewMenu
|> wtforms.fields.core.IntegerField
|> flask_appbuilder.forms.DateTimePickerWidget
|> flask_appbuilder.models.filters.FilterNotEqual
|> wtforms.fields.core.BooleanField
|> flask_appbuilder.models.filters.BaseFilter
|-> flask_appbuilder.models.filters.FilterSmaller
|-> flask_appbuilder.models.filters.FilterNotStartsWith
|-> flask_appbuilder.models.filters.FilterRelation
|--> flask_appbuilder.models.filters.FilterRelationOneToManyEqual
|--> flask_appbuilder.models.filters.FilterRelationManyToManyEqual
|--> flask_appbuilder.models.filters.FilterRelationOneToManyNotEqual
|-> flask_appbuilder.models.filters.FilterNotContains
|-> flask_appbuilder.models.filters.FilterContains
|-> flask_appbuilder.models.filters.FilterEndsWith
|-> flask_appbuilder.models.filters.FilterStartsWith
|-> flask_appbuilder.models.filters.FilterNotEndsWith
|-> flask_appbuilder.models.filters.FilterEqualFunction
|-> flask_appbuilder.models.filters.FilterNotEqual
|-> flask_appbuilder.models.filters.FilterEqual
|-> flask_appbuilder.models.filters.FilterGreater
|> sqlalchemy.sql.elements.ColumnClause
|-> sqlalchemy.sql.schema.Column
|> wtforms.validators.Required
|> sqlalchemy.sql.sqltypes.Boolean
|> wtforms.ext.csrf.session.SessionSecureForm
|-> flask_wtf.form.Form
|--> flask_appbuilder.forms.DynamicForm
|--> wtforms.ext.csrf.form.SecureForm
|---> wtforms.ext.csrf.session.SessionSecureForm
|> flask_appbuilder.widgets.ListWidget
|-> flask_appbuilder.widgets.ListCarousel
|-> flask_appbuilder.widgets.ListBlock
|-> flask_appbuilder.widgets.ListThumbnail
|-> flask_appbuilder.widgets.ListItem
|> flask_appbuilder.security.models.Role
|> openid.extension.Extension
|-> openid.extensions.sreg.SRegResponse
|-> openid.extensions.sreg.SRegRequest
|> wtforms.widgets.core.PasswordInput
|-> flask_appbuilder.forms.BS3PasswordFieldWidget
|> wtforms.fields.simple.TextField
|-> wtforms.fields.simple.PasswordField
|-> wtforms.fields.simple.HiddenField
|-> wtforms.fields.simple.TextAreaField
|-> flask_appbuilder.upload.FileUploadField
|-> flask_appbuilder.upload.ImageUploadField
|> openid.extensions.sreg.SRegRequest
|> flask_appbuilder.widgets.ListThumbnail
|> sqlalchemy.exc.DatabaseError
|-> sqlalchemy.exc.IntegrityError
|> wtforms.validators.ValidationError
|> sqlalchemy.orm.exc.NoResultFound
|> sqlalchemy.orm.base._MappedAttribute
|-> sqlalchemy.ext.declarative.api.declared_attr
|> flask_appbuilder.security.views.PermissionGeneralView
|> flask_appbuilder.models.filters.FilterGreater
|> flask_login.LoginManager
|> flask_appbuilder.actions.ActionItem
|> flask_appbuilder.models.filters.FilterRelationOneToManyNotEqual
|> flask_appbuilder.widgets.ListItem
|> flask_appbuilder.models.filters.FilterNotContains
|> openid.extensions.sreg.SRegResponse
|> flask_openid.OpenID
|> sqlalchemy.sql.operators.Operators
|-> sqlalchemy.sql.operators.ColumnOperators
|--> sqlalchemy.sql.elements.ColumnElement
|---> sqlalchemy.sql.elements.ColumnClause
|> flask_appbuilder.security.views.UserDBGeneralView
|> flask_appbuilder.models.filters.FilterEqualFunction
|> flask_appbuilder.validators.Unique
|> wtforms.widgets.core.Input
|-> wtforms.widgets.core.PasswordInput
|-> wtforms.widgets.core.TextInput
|> flask_appbuilder.forms.BS3TextFieldWidget
|> flask_appbuilder.widgets.FormWidget
|-> flask_appbuilder.widgets.SearchWidget
|> flask_appbuilder.babel.views.LocaleView
|> flask_appbuilder.security.views.PermissionViewGeneralView
|> flask_appbuilder.models.filters.FilterStartsWith
|> flask_appbuilder.widgets.ListCarousel
|> wtforms.compat.NewBase
|-> wtforms.form.Form
|--> flask_appbuilder.forms.DynamicForm
|--> wtforms.ext.csrf.form.SecureForm
|---> wtforms.ext.csrf.session.SessionSecureForm
|> flask_appbuilder.views.GeneralView
|-> flask_appbuilder.security.views.RoleGeneralView
|-> flask_appbuilder.security.views.PermissionGeneralView
|-> flask_appbuilder.security.views.ViewMenuGeneralView
|-> flask_appbuilder.security.views.PermissionViewGeneralView
|-> flask_appbuilder.security.views.UserGeneralView
|--> flask_appbuilder.security.views.UserOIDGeneralView
|--> flask_appbuilder.security.views.UserDBGeneralView
|> sqlalchemy.sql.sqltypes.Integer
|> sqlalchemy.sql.sqltypes._DateAffinity
|-> sqlalchemy.sql.sqltypes.DateTime
|-> sqlalchemy.sql.sqltypes.Integer
|> flask_appbuilder.security.views.AuthOIDView
|> wtforms.widgets.core.HTMLString
|> flask_appbuilder.models.filters.FilterContains
|> sqlalchemy.engine.reflection.Inspector
|> flask.blueprints.Blueprint
|> flask_appbuilder.views.BaseModelView
|-> flask_appbuilder.views.BaseCRUDView
|--> flask_appbuilder.views.GeneralView
|-> flask_appbuilder.charts.views.BaseChartView
|--> flask_appbuilder.charts.views.TimeChartView
|--> flask_appbuilder.charts.views.ChartView
|> sqlalchemy.exc.StatementError
|-> sqlalchemy.exc.DBAPIError
|> flask_appbuilder.views.SimpleFormView
|-> flask_appbuilder.security.views.ResetPasswordView
|-> flask_appbuilder.security.views.ResetMyPasswordView
|> flask_babelpkg.Babel
|> flask_appbuilder.filemanager.FileManager
|-> flask_appbuilder.filemanager.ImageManager
|> wtforms.fields.core.DateField
|> flask_appbuilder.forms.GeneralModelConverter
|> flask_appbuilder.views.BaseCRUDView
|-> flask_appbuilder.views.GeneralView
|> flask_appbuilder.models.filters.FilterRelation
|-> flask_appbuilder.models.filters.FilterRelationOneToManyEqual
|-> flask_appbuilder.models.filters.FilterRelationManyToManyEqual
|-> flask_appbuilder.models.filters.FilterRelationOneToManyNotEqual
|> __builtin__.basestring
|-> __builtin__.unicode
|--> wtforms.widgets.core.HTMLString
|> sqlalchemy.sql.operators.ColumnOperators
|-> sqlalchemy.sql.elements.ColumnElement
|--> sqlalchemy.sql.elements.ColumnClause
|> flask_appbuilder.models.filters.FilterEqual
|> flask_appbuilder.security.models.User
|> flask_wtf.form.Form
|-> flask_appbuilder.forms.DynamicForm
|-> wtforms.ext.csrf.form.SecureForm
|--> wtforms.ext.csrf.session.SessionSecureForm
|> flask_appbuilder.forms.BS3PasswordFieldWidget
|> sqlalchemy.sql.base.Immutable
|-> sqlalchemy.sql.selectable.TableClause
|--> sqlalchemy.sql.schema.Table
|-> sqlalchemy.sql.elements.ColumnClause
|> flask_appbuilder.models.datamodel.SQLAModel
|> wtforms.validators.EqualTo
|> wtforms.ext.sqlalchemy.fields.QuerySelectMultipleField
|> wtforms.fields.core.SelectField
|> flask_appbuilder.security.views.RoleGeneralView
|> flask_appbuilder.forms.Select2Widget
|> flask_appbuilder.models.filters.Filters
|> sqlalchemy.sql.type_api.TypeEngine
|-> sqlalchemy.sql.sqltypes.DateTime
|-> sqlalchemy.sql.sqltypes.String
|-> sqlalchemy.sql.sqltypes.Boolean
|-> sqlalchemy.sql.type_api.TypeDecorator
|--> flask_appbuilder.models.mixins.FileColumn
|--> flask_appbuilder.models.mixins.ImageColumn
|-> sqlalchemy.sql.sqltypes.Integer
|> flask_appbuilder.models.datamodel.DataModel
|-> flask_appbuilder.models.datamodel.SQLAModel
|> wtforms.fields.simple.TextAreaField
|> flask_appbuilder.menu.MenuItem
|> sqlalchemy.sql.selectable.TableClause
|-> sqlalchemy.sql.schema.Table
|> flask_appbuilder.models.filters.FilterEndsWith
|> wtforms.validators.DataRequired
|-> wtforms.validators.Required
|> flask_appbuilder.security.models.Permission
|> wtforms.fields.core.Field
|-> wtforms.fields.core.DateTimeField
|-> wtforms.fields.core.SelectFieldBase
|-> wtforms.fields.core.StringField
|--> wtforms.fields.simple.TextField
|-> wtforms.fields.core.BooleanField
|-> wtforms.fields.core.IntegerField
|> flask_appbuilder.menu.Menu
|> flask_appbuilder.models.filters.FilterRelationManyToManyEqual
|> flask_openid.OpenIDResponse
|> sqlalchemy.sql.schema.ForeignKey
|> flask_appbuilder.security.views.UserGeneralView
|-> flask_appbuilder.security.views.UserOIDGeneralView
|-> flask_appbuilder.security.views.UserDBGeneralView
|> flask_appbuilder.security.views.AuthDBView
|> wtforms.fields.core.StringField
|-> wtforms.fields.simple.TextField
|> sqlalchemy.sql.schema.MetaData
|> flask_appbuilder.widgets.RenderTemplateWidget
|-> flask_appbuilder.widgets.ListWidget
|-> flask_appbuilder.widgets.ShowWidget
|-> flask_appbuilder.widgets.FormWidget
|--> flask_appbuilder.widgets.SearchWidget
|-> flask_appbuilder.charts.widgets.ChartWidget
|> sqlalchemy.sql.schema.SchemaItem
|-> sqlalchemy.sql.schema.MetaData
|-> sqlalchemy.sql.schema.Column
|-> sqlalchemy.sql.schema.ForeignKey
|-> sqlalchemy.sql.schema.Table
|> flask_appbuilder.security.views.ViewMenuGeneralView
|> wtforms.widgets.core.TextArea
|-> flask_appbuilder.forms.BS3TextAreaFieldWidget
|> flask_appbuilder.widgets.ShowWidget
|> sqlalchemy.exc.SQLAlchemyError
|-> sqlalchemy.exc.StatementError
|--> sqlalchemy.exc.DBAPIError
|---> sqlalchemy.exc.DatabaseError
|-> sqlalchemy.exc.InvalidRequestError
|--> sqlalchemy.orm.exc.NoResultFound
|> sqlalchemy.sql.sqltypes.SchemaType
|-> sqlalchemy.sql.sqltypes.Boolean
|> sqlalchemy.sql.type_api.TypeDecorator
|-> flask_appbuilder.models.mixins.FileColumn
|-> flask_appbuilder.models.mixins.ImageColumn
|> flask_appbuilder.security.views.ResetMyPasswordView
|> wtforms.form.Form
|-> flask_appbuilder.forms.DynamicForm
|-> wtforms.ext.csrf.form.SecureForm
|--> wtforms.ext.csrf.session.SessionSecureForm
|---> flask_wtf.form.Form
|> flask_appbuilder.charts.views.BaseChartView
|-> flask_appbuilder.charts.views.TimeChartView
|-> flask_appbuilder.charts.views.ChartView
|> flask_appbuilder.babel.manager.BabelManager
|> wtforms.fields.core.DateTimeField
|-> wtforms.fields.core.DateField
|> flask_appbuilder.security.views.AuthView
|-> flask_appbuilder.security.views.AuthDBView
|-> flask_appbuilder.security.views.AuthOIDView
|> flask_appbuilder.security.forms.LoginForm_db
|> flask_appbuilder.charts.views.ChartView
|> flask_appbuilder.views.BaseView
|-> flask_appbuilder.babel.views.LocaleView
|-> flask_appbuilder.views.BaseModelView
|--> flask_appbuilder.charts.views.BaseChartView
|---> flask_appbuilder.charts.views.TimeChartView
|---> flask_appbuilder.charts.views.ChartView
|-> flask_appbuilder.views.IndexView
|-> flask_appbuilder.views.SimpleFormView
|-> flask_appbuilder.security.views.AuthView
|> flask_appbuilder.forms.DatePickerWidget
|> flask_appbuilder.models.mixins.FileColumn
|> exceptions.Exception
|-> exceptions.StandardError
|--> exceptions.ValueError
|---> wtforms.validators.ValidationError
|-> sqlalchemy.exc.SQLAlchemyError
|> itertools.groupby
|> sqlalchemy.sql.base.SchemaEventTarget
|-> sqlalchemy.sql.sqltypes.SchemaType
|-> sqlalchemy.sql.schema.SchemaItem
|> wtforms.fields.simple.PasswordField
|> flask_appbuilder.charts.widgets.ChartWidget
|> flask_appbuilder.security.views.ResetPasswordView
|> flask_appbuilder.models.filters.FilterNotEndsWith
|> flask_appbuilder.security.models.PermissionView
|> flask_appbuilder.models.mixins.ImageColumn
|> wtforms.form.BaseForm
|-> wtforms.compat.NewBase
|--> wtforms.form.Form
|> flask_appbuilder.security.views.UserOIDGeneralView
|> flask_appbuilder.security.forms.ResetPasswordForm
|> flask_appbuilder.models.filters.FilterNotStartsWith
|> sqlalchemy.exc.DBAPIError
|-> sqlalchemy.exc.DatabaseError
|> flask_appbuilder.security.manager.SecurityManager
|> flask_appbuilder.forms.BS3TextAreaFieldWidget
|> exceptions.StandardError
|-> exceptions.ValueError
|> flask_appbuilder.widgets.ListBlock
|> flask_appbuilder.views.IndexView
|> wtforms.ext.sqlalchemy.fields.QuerySelectField
|-> wtforms.ext.sqlalchemy.fields.QuerySelectMultipleField
|> sqlalchemy.sql.elements.ColumnElement
|-> sqlalchemy.sql.elements.ColumnClause
|> flask_appbuilder.upload.BS3ImageUploadFieldWidget
|> openid.consumer.consumer.Consumer
|> flask_openid.SessionWrapper
|> wtforms.validators.Length
|> sqlalchemy.sql.sqltypes.DateTime
|> exceptions.BaseException
|-> exceptions.Exception
|> wtforms.ext.csrf.form.SecureForm
|-> wtforms.ext.csrf.session.SessionSecureForm
|> __builtin__.property
|-> sqlalchemy.ext.declarative.api.declared_attr
|> sqlalchemy.sql.sqltypes.Concatenable
|-> sqlalchemy.sql.sqltypes.String
|> sqlalchemy.ext.declarative.api.declared_attr
|> __builtin__.unicode
|-> wtforms.widgets.core.HTMLString
|> wtforms.fields.simple.HiddenField
|> sqlalchemy.exc.InvalidRequestError
|-> sqlalchemy.orm.exc.NoResultFound
|> sqlalchemy.sql.selectable.Selectable
|-> sqlalchemy.sql.selectable.FromClause
